9320 0:<FETCH> 
9320 0:<FETCH> ************************************************************
9320 0:<FETCH> 
9320 0:<FETCH> Number of instructions: 1965
9320 0:<FETCH> Number of simulated cycles: 9320
9320 0:<FETCH> CPI: 4.74
9320 0:<FETCH> Int Conditional Branches: 0
9320 0:<FETCH> Jump and Link: 0
9320 0:<FETCH> Jump Register: 0
9320 0:<FETCH> Number of fp instructions: 0
9320 0:<FETCH> Number of loads: 0
9320 0:<FETCH> Number of syscall emulated loads: 52
9320 0:<FETCH> Number of stores: 0
9320 0:<FETCH> Number of syscall emulated stores: 49
9320 0:<FETCH> -----------------------------Stats---------------------

9320 0:<FETCH> Total Ins    1965
9320 0:<FETCH> Percentage Loads    2.646310
9320 0:<FETCH> Percentage Stores    2.493639
9320 0:<FETCH> Percentage CB    0.000000
9320 0:<FETCH> 
